[0110/231022.948:ERROR:directory_reader_win.cc(43)] FindFirstFile: Системе не удается найти указанный путь. (0x3)
[0111/002702.744:ERROR:directory_reader_win.cc(43)] FindFirstFile: Системе не удается найти указанный путь. (0x3)
[0111/003102.802:ERROR:directory_reader_win.cc(43)] FindFirstFile: Системе не удается найти указанный путь. (0x3)
[0111/004227.332:ERROR:directory_reader_win.cc(43)] FindFirstFile: Системе не удается найти указанный путь. (0x3)
[0111/004650.164:ERROR:directory_reader_win.cc(43)] FindFirstFile: Системе не удается найти указанный путь. (0x3)
[0112/235700.113:ERROR:directory_reader_win.cc(43)] FindFirstFile: Системе не удается найти указанный путь. (0x3)
[0112/235836.276:ERROR:directory_reader_win.cc(43)] FindFirstFile: Системе не удается найти указанный путь. (0x3)
[0112/235918.516:ERROR:directory_reader_win.cc(43)] FindFirstFile: Системе не удается найти указанный путь. (0x3)
[0113/003739.379:ERROR:directory_reader_win.cc(43)] FindFirstFile: Системе не удается найти указанный путь. (0x3)
[0113/004128.535:ERROR:directory_reader_win.cc(43)] FindFirstFile: Системе не удается найти указанный путь. (0x3)
[0113/004214.903:ERROR:directory_reader_win.cc(43)] FindFirstFile: Системе не удается найти указанный путь. (0x3)
[0113/004427.788:ERROR:directory_reader_win.cc(43)] FindFirstFile: Системе не удается найти указанный путь. (0x3)
[0113/202938.445:ERROR:process_info.cc(359)] UncheckedAllocate
[0113/202938.458:ERROR:filesystem_win.cc(129)] GetFileAttributes C:\Users\User\AppData\Local\Temp\scoped_dir30324_1318011316\Crashpad\attachments\1e9911da-5d71-4f99-a5f7-226c3890a198: Системе не удается найти указанный путь. (0x3)
[0113/202938.464:ERROR:http_transport_win.cc(217)] WinHttpOpenRequest: Операция успешно завершена. (0x0)
[0113/202938.506:ERROR:process_info.cc(359)] UncheckedAllocate
[0113/202938.513:ERROR:file_io.cc(135)] WriteFile: Недостаточная квота для завершения операции. (0x5AD)
[0113/202938.513:ERROR:crash_report_exception_handler.cc(113)] WriteEverything failed
[0113/202938.513:ERROR:filesystem_win.cc(148)] DeleteFile C:\Users\User\AppData\Local\Temp\scoped_dir30324_1318011316\Crashpad\reports\f5d057cc-67d5-43c2-82ac-02ea8610ca41.dmp: Процесс не может получить доступ к файлу, так как этот файл занят другим процессом. (0x20)
[0116/085133.061:ERROR:directory_reader_win.cc(43)] FindFirstFile: Системе не удается найти указанный путь. (0x3)
[0116/090425.778:ERROR:directory_reader_win.cc(43)] FindFirstFile: Системе не удается найти указанный путь. (0x3)
[0116/090622.321:ERROR:directory_reader_win.cc(43)] FindFirstFile: Системе не удается найти указанный путь. (0x3)
[0117/153652.204:ERROR:directory_reader_win.cc(43)] FindFirstFile: Системе не удается найти указанный путь. (0x3)
[0123/121257.326:ERROR:directory_reader_win.cc(43)] FindFirstFile: Системе не удается найти указанный путь. (0x3)
[0123/121340.804:ERROR:directory_reader_win.cc(43)] FindFirstFile: Системе не удается найти указанный путь. (0x3)
[0201/012934.159:ERROR:directory_reader_win.cc(43)] FindFirstFile: Системе не удается найти указанный путь. (0x3)
